C:\USERS\OLEKSIY\DESKTOP\CIPS\CIPS_LR_1\CIPS_LR_1\DEBUG\CIPS_LR_1.PCH
C:\USERS\OLEKSIY\DESKTOP\CIPS\CIPS_LR_1\CIPS_LR_1\DEBUG\VC110.PDB
C:\USERS\OLEKSIY\DESKTOP\CIPS\CIPS_LR_1\CIPS_LR_1\DEBUG\CIPS_LR_1.OBJ
C:\USERS\OLEKSIY\DESKTOP\CIPS\CIPS_LR_1\DEBUG\CIPS_LR_1.ILK
C:\USERS\OLEKSIY\DESKTOP\CIPS\CIPS_LR_1\DEBUG\CIPS_LR_1.EXE
C:\USERS\OLEKSIY\DESKTOP\CIPS\CIPS_LR_1\DEBUG\CIPS_LR_1.PDB
C:\Users\Oleksiy\Desktop\CIPS\CIPS_LR_1\CIPS_LR_1\Debug\CIPS_LR_1.obj
C:\Users\Oleksiy\Desktop\CIPS\CIPS_LR_1\CIPS_LR_1\Debug\cl.command.1.tlog
C:\Users\Oleksiy\Desktop\CIPS\CIPS_LR_1\CIPS_LR_1\Debug\CL.read.1.tlog
C:\Users\Oleksiy\Desktop\CIPS\CIPS_LR_1\CIPS_LR_1\Debug\CL.write.1.tlog
C:\Users\Oleksiy\Desktop\CIPS\CIPS_LR_1\CIPS_LR_1\Debug\link-cvtres.read.1.tlog
C:\Users\Oleksiy\Desktop\CIPS\CIPS_LR_1\CIPS_LR_1\Debug\link-cvtres.write.1.tlog
C:\Users\Oleksiy\Desktop\CIPS\CIPS_LR_1\CIPS_LR_1\Debug\link-rc.read.1.tlog
C:\Users\Oleksiy\Desktop\CIPS\CIPS_LR_1\CIPS_LR_1\Debug\link-rc.write.1.tlog
C:\Users\Oleksiy\Desktop\CIPS\CIPS_LR_1\CIPS_LR_1\Debug\link.command.1.tlog
C:\Users\Oleksiy\Desktop\CIPS\CIPS_LR_1\CIPS_LR_1\Debug\link.read.1.tlog
C:\Users\Oleksiy\Desktop\CIPS\CIPS_LR_1\CIPS_LR_1\Debug\link.write.1.tlog
C:\Users\Oleksiy\Desktop\CIPS\CIPS_LR_1\CIPS_LR_1\Debug\vc110.idb
C:\Users\Oleksiy\Desktop\CIPS\CIPS_LR_1\CIPS_LR_1\Debug\vc110.pdb
C:\Users\Oleksiy\Desktop\CIPS\CIPS_LR_1\Debug\CIPS_LR_1.pdb
C:\Users\Oleksiy\Desktop\CIPS\CIPS_LR_1\Debug\CIPS_LR_1.exe
C:\Users\Oleksiy\Desktop\CIPS\CIPS_LR_1\Debug\CIPS_LR_1.ilk
